0 verbose cli /usr/local/bin/node /usr/local/bin/npm
1 info using npm@10.9.2
2 info using node@v22.14.0
3 silly config load:file:/usr/local/lib/node_modules/npm/npmrc
4 silly config load:file:/home/container/.npmrc
5 silly config load:file:/usr/local/etc/npmrc
6 verbose title npm install concurrently
7 verbose argv "install" "concurrently"
8 verbose logfile logs-max:10 dir:/home/container/.npm/_logs/2025-07-04T06_51_10_187Z-
9 verbose logfile /home/container/.npm/_logs/2025-07-04T06_51_10_187Z-debug-0.log
10 silly logfile start cleaning logs, removing 1 files
11 silly logfile done cleaning log files
12 silly packumentCache heap:2197815296 maxSize:549453824 maxEntrySize:274726912
13 silly idealTree buildDeps
14 silly fetch manifest concurrently@^9.2.0
15 silly packumentCache full:https://registry.npmjs.org/concurrently cache-miss
16 http cache https://registry.npmjs.org/concurrently 22ms (cache hit)
17 silly packumentCache full:https://registry.npmjs.org/concurrently set size:200019 disposed:false
18 silly placeDep ROOT concurrently@9.2.0 REPLACE for:  want: ^9.2.0
19 silly reify moves {}
20 silly audit bulk request {
20 silly audit   'ansi-regex': [ '5.0.1' ],
20 silly audit   'ansi-styles': [ '4.3.0' ],
20 silly audit   chalk: [ '4.1.2' ],
20 silly audit   'supports-color': [ '7.2.0', '8.1.1' ],
20 silly audit   cliui: [ '8.0.1' ],
20 silly audit   'color-convert': [ '2.0.1' ],
20 silly audit   'color-name': [ '1.1.4' ],
20 silly audit   'emoji-regex': [ '8.0.0' ],
20 silly audit   escalade: [ '3.2.0' ],
20 silly audit   'get-caller-file': [ '2.0.5' ],
20 silly audit   'has-flag': [ '4.0.0' ],
20 silly audit   'is-fullwidth-code-point': [ '3.0.0' ],
20 silly audit   lodash: [ '4.17.21' ],
20 silly audit   'require-directory': [ '2.1.1' ],
20 silly audit   rxjs: [ '7.8.2' ],
20 silly audit   'shell-quote': [ '1.8.3' ],
20 silly audit   'string-width': [ '4.2.3' ],
20 silly audit   'strip-ansi': [ '6.0.1' ],
20 silly audit   'tree-kill': [ '1.2.2' ],
20 silly audit   tslib: [ '2.8.1' ],
20 silly audit   'wrap-ansi': [ '7.0.0' ],
20 silly audit   y18n: [ '5.0.8' ],
20 silly audit   yargs: [ '17.7.2' ],
20 silly audit   'yargs-parser': [ '21.1.1' ],
20 silly audit   concurrently: [ '9.2.0' ]
20 silly audit }
21 http fetch POST 200 https://registry.npmjs.org/-/npm/v1/security/advisories/bulk 242ms
22 silly audit report {}
23 verbose cwd /home/container
24 verbose os Linux 6.11.0-1017-gcp
25 verbose node v22.14.0
26 verbose npm  v10.9.2
27 verbose exit 0
28 info ok
