0 verbose cli /usr/local/bin/node /usr/local/bin/npm
1 info using npm@11.4.2
2 info using node@v22.17.0
3 silly config load:file:/usr/local/lib/node_modules/npm/npmrc
4 silly config load:file:/home/container/backend/.npmrc
5 silly config load:file:/home/container/.npmrc
6 silly config load:file:/usr/local/etc/npmrc
7 verbose title npm i
8 verbose argv "i"
9 verbose logfile logs-max:10 dir:/home/container/.npm/_logs/2025-07-15T13_14_35_190Z-
10 verbose logfile /home/container/.npm/_logs/2025-07-15T13_14_35_190Z-debug-0.log
11 silly logfile start cleaning logs, removing 1 files
12 silly logfile done cleaning log files
13 silly packumentCache heap:2197815296 maxSize:549453824 maxEntrySize:274726912
14 silly idealTree buildDeps
15 silly reify moves {}
16 silly audit bulk request {
16 silly audit   '@mongodb-js/saslprep': [ '1.3.0' ],
16 silly audit   '@types/webidl-conversions': [ '7.0.3' ],
16 silly audit   '@types/whatwg-url': [ '11.0.5' ],
16 silly audit   accepts: [ '2.0.0' ],
16 silly audit   'ansi-styles': [ '4.3.0' ],
16 silly audit   'asn1.js': [ '5.4.1' ],
16 silly audit   async: [ '3.2.6' ],
16 silly audit   asynckit: [ '0.4.0' ],
16 silly audit   axios: [ '1.10.0' ],
16 silly audit   'balanced-match': [ '1.0.2' ],
16 silly audit   bcrypt: [ '6.0.0' ],
16 silly audit   'bn.js': [ '4.12.2' ],
16 silly audit   'body-parser': [ '2.2.0' ],
16 silly audit   'brace-expansion': [ '1.1.12', '2.0.2' ],
16 silly audit   bson: [ '6.10.4' ],
16 silly audit   bytes: [ '3.1.2' ],
16 silly audit   'call-bind-apply-helpers': [ '1.0.2' ],
16 silly audit   'call-bound': [ '1.0.4' ],
16 silly audit   chalk: [ '4.1.2' ],
16 silly audit   'color-convert': [ '2.0.1' ],
16 silly audit   'color-name': [ '1.1.4' ],
16 silly audit   'combined-stream': [ '1.0.8' ],
16 silly audit   'concat-map': [ '0.0.1' ],
16 silly audit   'connect-mongo': [ '5.1.0' ],
16 silly audit   'content-disposition': [ '1.0.0' ],
16 silly audit   'content-type': [ '1.0.5' ],
16 silly audit   cookie: [ '0.7.2' ],
16 silly audit   'cookie-signature': [ '1.2.2', '1.0.7' ],
16 silly audit   debug: [ '4.4.1', '2.6.9' ],
16 silly audit   'delayed-stream': [ '1.0.0' ],
16 silly audit   depd: [ '2.0.0' ],
16 silly audit   dotenv: [ '16.5.0' ],
16 silly audit   'dunder-proto': [ '1.0.1' ],
16 silly audit   'ee-first': [ '1.1.1' ],
16 silly audit   ejs: [ '3.1.10' ],
16 silly audit   encodeurl: [ '2.0.0' ],
16 silly audit   'es-define-property': [ '1.0.1' ],
16 silly audit   'es-errors': [ '1.3.0' ],
16 silly audit   'es-object-atoms': [ '1.1.1' ],
16 silly audit   'es-set-tostringtag': [ '2.1.0' ],
16 silly audit   'escape-html': [ '1.0.3' ],
16 silly audit   etag: [ '1.8.1' ],
16 silly audit   express: [ '5.1.0' ],
16 silly audit   'express-session': [ '1.18.1' ],
16 silly audit   ms: [ '2.0.0', '2.1.3' ],
16 silly audit   filelist: [ '1.0.4' ],
16 silly audit   minimatch: [ '5.1.6', '3.1.2' ],
16 silly audit   finalhandler: [ '2.1.0' ],
16 silly audit   'follow-redirects': [ '1.15.9' ],
16 silly audit   'form-data': [ '4.0.3' ],
16 silly audit   'mime-db': [ '1.52.0', '1.54.0' ],
16 silly audit   'mime-types': [ '2.1.35', '3.0.1' ],
16 silly audit   forwarded: [ '0.2.0' ],
16 silly audit   fresh: [ '2.0.0' ],
16 silly audit   'function-bind': [ '1.1.2' ],
16 silly audit   'get-intrinsic': [ '1.3.0' ],
16 silly audit   'get-proto': [ '1.0.1' ],
16 silly audit   gopd: [ '1.2.0' ],
16 silly audit   'has-flag': [ '4.0.0' ],
16 silly audit   'has-symbols': [ '1.1.0' ],
16 silly audit   'has-tostringtag': [ '1.0.2' ],
16 silly audit   hasown: [ '2.0.2' ],
16 silly audit   helmet: [ '8.1.0' ],
16 silly audit   'http-errors': [ '2.0.0' ],
16 silly audit   statuses: [ '2.0.1', '2.0.2' ],
16 silly audit   'iconv-lite': [ '0.6.3' ],
16 silly audit   inherits: [ '2.0.4', '2.0.3' ],
16 silly audit   'ipaddr.js': [ '1.9.1' ],
16 silly audit   'is-promise': [ '4.0.0' ],
16 silly audit   jake: [ '10.9.2' ],
16 silly audit   kareem: [ '2.6.3' ],
16 silly audit   kruptein: [ '3.0.8' ],
16 silly audit   'math-intrinsics': [ '1.1.0' ],
16 silly audit   'media-typer': [ '1.1.0' ],
16 silly audit   'memory-pager': [ '1.5.0' ],
16 silly audit   'merge-descriptors': [ '2.0.0' ],
16 silly audit   'minimalistic-assert': [ '1.0.1' ],
16 silly audit   mongodb: [ '6.17.0' ],
16 silly audit   'mongodb-connection-string-url': [ '3.0.2' ],
16 silly audit   mongoose: [ '8.16.0' ],
16 silly audit   mpath: [ '0.9.0' ],
16 silly audit   mquery: [ '5.0.0' ],
16 silly audit   negotiator: [ '1.0.0' ],
16 silly audit   'node-addon-api': [ '8.4.0' ],
16 silly audit   'node-gyp-build': [ '4.8.4' ],
16 silly audit   'object-inspect': [ '1.13.4' ],
16 silly audit   'on-finished': [ '2.4.1' ],
16 silly audit   'on-headers': [ '1.0.2' ],
16 silly audit   once: [ '1.4.0' ],
16 silly audit   parseurl: [ '1.3.3' ],
16 silly audit   path: [ '0.12.7' ],
16 silly audit   'path-to-regexp': [ '8.2.0' ],
16 silly audit   process: [ '0.11.10' ],
16 silly audit   'proxy-addr': [ '2.0.7' ],
16 silly audit   'proxy-from-env': [ '1.1.0' ],
16 silly audit   punycode: [ '2.3.1' ],
16 silly audit   qs: [ '6.14.0' ],
16 silly audit   'random-bytes': [ '1.0.0' ],
16 silly audit   'range-parser': [ '1.2.1' ],
16 silly audit   'raw-body': [ '3.0.0' ],
16 silly audit   router: [ '2.2.0' ],
16 silly audit   'safe-buffer': [ '5.2.1' ],
16 silly audit   'safer-buffer': [ '2.1.2' ],
16 silly audit   send: [ '1.2.0' ],
16 silly audit   'serve-static': [ '2.2.0' ],
16 silly audit   setprototypeof: [ '1.2.0' ],
16 silly audit   'side-channel': [ '1.1.0' ],
16 silly audit   'side-channel-list': [ '1.0.0' ],
16 silly audit   'side-channel-map': [ '1.0.1' ],
16 silly audit   'side-channel-weakmap': [ '1.0.2' ],
16 silly audit   sift: [ '17.1.3' ],
16 silly audit   'sparse-bitfield': [ '3.0.3' ],
16 silly audit   'supports-color': [ '7.2.0' ],
16 silly audit   toidentifier: [ '1.0.1' ],
16 silly audit   tr46: [ '5.1.1' ],
16 silly audit   'type-is': [ '2.0.1' ],
16 silly audit   'uid-safe': [ '2.1.5' ],
16 silly audit   unpipe: [ '1.0.0' ],
16 silly audit   util: [ '0.10.4' ],
16 silly audit   vary: [ '1.1.2' ],
16 silly audit   'webidl-conversions': [ '7.0.0' ],
16 silly audit   'whatwg-url': [ '14.2.0' ],
16 silly audit   wrappy: [ '1.0.2' ]
16 silly audit }
17 http fetch POST 200 https://registry.npmjs.org/-/npm/v1/security/advisories/bulk 259ms
18 silly audit report {}
19 verbose cwd /home/container/backend
20 verbose os Linux 6.11.0-1017-gcp
21 verbose node v22.17.0
22 verbose npm  v11.4.2
23 verbose exit 0
24 info ok
